<?xml version="1.0" encoding="UTF-8"?>
<!-- Generated by org.testng.reporters.JUnitReportReporter -->
<testsuite hostname="DESKTOP-LRE1CSU" failures="0" tests="1" name="com.dhtmlgoodies.qa.tests.IGoogleLikeDragDropTest" time="2.806" errors="0" timestamp="2023-12-07T16:52:57 CST" skipped="0">
  <testcase classname="com.dhtmlgoodies.qa.tests.IGoogleLikeDragDropTest" name="verifyDragDrop" time="2.806"/>
  <system-out/>
</testsuite> <!-- com.dhtmlgoodies.qa.tests.IGoogleLikeDragDropTest -->
