<?xml version="1.0" encoding="UTF-8"?>
<!-- Generated by org.testng.reporters.JUnitReportReporter -->
<testsuite hostname="DESKTOP-LRE1CSU" failures="0" tests="1" name="com.testNG.qa.TestNG01" time="0.066" errors="0" timestamp="2023-11-29T15:15:27 CST" skipped="0">
  <testcase classname="com.testNG.qa.TestNG01" name="f" time="0.066"/>
</testsuite> <!-- com.testNG.qa.TestNG01 -->
