<?xml version="1.0" encoding="UTF-8"?>
<!-- Generated by org.testng.reporters.JUnitReportReporter -->
<testsuite hostname="DESKTOP-LRE1CSU" failures="0" tests="3" name="com.testNG.qa.TestNG02" time="0.028" errors="0" timestamp="2023-11-29T16:41:17 CST" skipped="1">
  <testcase classname="com.testNG.qa.TestNG02" name="f" time="0.021"/>
  <testcase classname="com.testNG.qa.TestNG02" name="s" time="0.007"/>
  <testcase classname="com.testNG.qa.TestNG02" name="a">
    <skipped/>
  </testcase> <!-- a -->
</testsuite> <!-- com.testNG.qa.TestNG02 -->
