<?xml version="1.0" encoding="UTF-8"?>
<!-- Generated by org.testng.reporters.JUnitReportReporter -->
<testsuite hostname="DESKTOP-LRE1CSU" failures="0" tests="1" name="com.demo.seleniumeasy.qa.tests.JavascriptAlertBoxDemoTest" time="9.509" errors="0" timestamp="2023-12-07T16:55:31 CST" skipped="0">
  <testcase classname="com.demo.seleniumeasy.qa.tests.JavascriptAlertBoxDemoTest" name="verifyAlertBox" time="9.509"/>
  <system-out/>
</testsuite> <!-- com.demo.seleniumeasy.qa.tests.JavascriptAlertBoxDemoTest -->
