<?xml version="1.0" encoding="UTF-8"?>
<!-- Generated by org.testng.reporters.JUnitReportReporter -->
<testsuite hostname="DESKTOP-LRE1CSU" failures="0" tests="1" name="com.facebook.qa.tests.FacebookTest" time="15.098" errors="0" timestamp="2023-12-04T18:36:42 CST" skipped="0">
  <testcase classname="com.facebook.qa.tests.FacebookTest" name="verifyFormFill" time="15.098"/>
  <system-out/>
</testsuite> <!-- com.facebook.qa.tests.FacebookTest -->
