<?xml version="1.0" encoding="UTF-8"?>
<!-- Generated by org.testng.reporters.JUnitReportReporter -->
<testsuite hostname="DESKTOP-LRE1CSU" failures="0" tests="1" name="com.demo.seleniumeasy.qa.tests.BasicCheckboxDemoTest" time="1.132" errors="0" timestamp="2023-12-04T16:52:01 CST" skipped="0">
  <testcase classname="com.demo.seleniumeasy.qa.tests.BasicCheckboxDemoTest" name="verifyCheckbox" time="1.132"/>
  <system-out/>
</testsuite> <!-- com.demo.seleniumeasy.qa.tests.BasicCheckboxDemoTest -->
