<?xml version="1.0" encoding="UTF-8"?>
<!-- Generated by org.testng.reporters.JUnitReportReporter -->
<testsuite hostname="DESKTOP-LRE1CSU" failures="0" tests="1" name="com.demo.seleniumeasy.qa.tests.InputFormDemoTest" time="11.549" errors="0" timestamp="2023-12-06T14:25:49 CST" skipped="0">
  <testcase classname="com.demo.seleniumeasy.qa.tests.InputFormDemoTest" name="verifyFormFill" time="11.549"/>
  <system-out/>
</testsuite> <!-- com.demo.seleniumeasy.qa.tests.InputFormDemoTest -->
